2020/04/15 07:43:13 [error] 6#6: *1 open() "/var/www/hello.dev/favicon.ico" failed (2: No such file or directory), client: 109.86.126.238, server: hello.dev, request: "GET /favicon.ico HTTP/1.1", host: "18.184.165.98", referrer: "http://18.184.165.98/"
2020/04/15 08:47:52 [emerg] 1#1: host not found in upstream "php" in /etc/nginx/conf.d/hello-dev.conf:12
2020/04/15 08:47:58 [emerg] 1#1: host not found in upstream "php" in /etc/nginx/conf.d/hello-dev.conf:12
2020/04/15 08:48:04 [emerg] 1#1: host not found in upstream "php" in /etc/nginx/conf.d/hello-dev.conf:12
2020/04/15 08:48:10 [emerg] 1#1: host not found in upstream "php" in /etc/nginx/conf.d/hello-dev.conf:12
2020/04/15 08:48:16 [emerg] 1#1: host not found in upstream "php" in /etc/nginx/conf.d/hello-dev.conf:12
2020/04/15 08:48:22 [emerg] 1#1: host not found in upstream "php" in /etc/nginx/conf.d/hello-dev.conf:12
2020/04/15 08:48:28 [emerg] 1#1: host not found in upstream "php" in /etc/nginx/conf.d/hello-dev.conf:12
2020/04/15 08:48:34 [emerg] 1#1: host not found in upstream "php" in /etc/nginx/conf.d/hello-dev.conf:12
2020/04/15 08:48:40 [emerg] 1#1: host not found in upstream "php" in /etc/nginx/conf.d/hello-dev.conf:12
2020/04/15 08:48:46 [emerg] 1#1: host not found in upstream "php" in /etc/nginx/conf.d/hello-dev.conf:12
2020/04/15 08:48:52 [emerg] 1#1: host not found in upstream "php" in /etc/nginx/conf.d/hello-dev.conf:12
2020/04/15 08:48:59 [emerg] 1#1: host not found in upstream "php" in /etc/nginx/conf.d/hello-dev.conf:12
2020/04/15 08:49:05 [emerg] 1#1: host not found in upstream "php" in /etc/nginx/conf.d/hello-dev.conf:12
2020/04/15 08:49:11 [emerg] 1#1: host not found in upstream "php" in /etc/nginx/conf.d/hello-dev.conf:12
2020/04/15 08:49:17 [emerg] 1#1: host not found in upstream "php" in /etc/nginx/conf.d/hello-dev.conf:12
2020/04/15 08:49:23 [emerg] 1#1: host not found in upstream "php" in /etc/nginx/conf.d/hello-dev.conf:12
2020/04/15 08:49:29 [emerg] 1#1: host not found in upstream "php" in /etc/nginx/conf.d/hello-dev.conf:12
2020/04/15 08:49:35 [emerg] 1#1: host not found in upstream "php" in /etc/nginx/conf.d/hello-dev.conf:12
2020/04/15 08:49:41 [emerg] 1#1: host not found in upstream "php" in /etc/nginx/conf.d/hello-dev.conf:12
2020/04/15 08:49:47 [emerg] 1#1: host not found in upstream "php" in /etc/nginx/conf.d/hello-dev.conf:12
2020/04/15 08:49:53 [emerg] 1#1: host not found in upstream "php" in /etc/nginx/conf.d/hello-dev.conf:12
2020/04/15 08:49:59 [emerg] 1#1: host not found in upstream "php" in /etc/nginx/conf.d/hello-dev.conf:12
2020/04/15 08:50:05 [emerg] 1#1: host not found in upstream "php" in /etc/nginx/conf.d/hello-dev.conf:12
2020/04/15 08:50:11 [emerg] 1#1: host not found in upstream "php" in /etc/nginx/conf.d/hello-dev.conf:12
2020/04/15 08:50:17 [emerg] 1#1: host not found in upstream "php" in /etc/nginx/conf.d/hello-dev.conf:12
2020/04/15 08:50:23 [emerg] 1#1: host not found in upstream "php" in /etc/nginx/conf.d/hello-dev.conf:12
2020/04/15 08:50:29 [emerg] 1#1: host not found in upstream "php" in /etc/nginx/conf.d/hello-dev.conf:12
2020/04/15 08:50:35 [emerg] 1#1: host not found in upstream "php" in /etc/nginx/conf.d/hello-dev.conf:12
2020/04/15 08:50:41 [emerg] 1#1: host not found in upstream "php" in /etc/nginx/conf.d/hello-dev.conf:12
2020/04/15 08:50:47 [emerg] 1#1: host not found in upstream "php" in /etc/nginx/conf.d/hello-dev.conf:12
2020/04/15 08:50:53 [emerg] 1#1: host not found in upstream "php" in /etc/nginx/conf.d/hello-dev.conf:12
2020/04/15 08:50:59 [emerg] 1#1: host not found in upstream "php" in /etc/nginx/conf.d/hello-dev.conf:12
2020/04/15 08:51:05 [emerg] 1#1: host not found in upstream "php" in /etc/nginx/conf.d/hello-dev.conf:12
2020/04/15 08:51:11 [emerg] 1#1: host not found in upstream "php" in /etc/nginx/conf.d/hello-dev.conf:12
2020/04/15 08:51:17 [emerg] 1#1: host not found in upstream "php" in /etc/nginx/conf.d/hello-dev.conf:12
2020/04/15 08:51:23 [emerg] 1#1: host not found in upstream "php" in /etc/nginx/conf.d/hello-dev.conf:12
2020/04/15 08:51:29 [emerg] 1#1: host not found in upstream "php" in /etc/nginx/conf.d/hello-dev.conf:12
2020/04/15 08:51:35 [emerg] 1#1: host not found in upstream "php" in /etc/nginx/conf.d/hello-dev.conf:12
2020/04/15 08:51:41 [emerg] 1#1: host not found in upstream "php" in /etc/nginx/conf.d/hello-dev.conf:12
2020/04/15 08:51:47 [emerg] 1#1: host not found in upstream "php" in /etc/nginx/conf.d/hello-dev.conf:12
2020/04/15 08:51:53 [emerg] 1#1: host not found in upstream "php" in /etc/nginx/conf.d/hello-dev.conf:12
2020/04/15 08:51:59 [emerg] 1#1: host not found in upstream "php" in /etc/nginx/conf.d/hello-dev.conf:12
2020/04/15 08:52:06 [emerg] 1#1: host not found in upstream "php" in /etc/nginx/conf.d/hello-dev.conf:12
2020/04/15 08:52:12 [emerg] 1#1: host not found in upstream "php" in /etc/nginx/conf.d/hello-dev.conf:12
2020/04/15 08:52:18 [emerg] 1#1: host not found in upstream "php" in /etc/nginx/conf.d/hello-dev.conf:12
2020/04/15 08:52:24 [emerg] 1#1: host not found in upstream "php" in /etc/nginx/conf.d/hello-dev.conf:12
2020/04/15 08:52:30 [emerg] 1#1: host not found in upstream "php" in /etc/nginx/conf.d/hello-dev.conf:12
2020/04/15 08:52:36 [emerg] 1#1: host not found in upstream "php" in /etc/nginx/conf.d/hello-dev.conf:12
2020/04/15 08:52:42 [emerg] 1#1: host not found in upstream "php" in /etc/nginx/conf.d/hello-dev.conf:12
2020/04/15 08:52:48 [emerg] 1#1: host not found in upstream "php" in /etc/nginx/conf.d/hello-dev.conf:12
2020/04/15 08:52:54 [emerg] 1#1: host not found in upstream "php" in /etc/nginx/conf.d/hello-dev.conf:12
2020/04/15 08:53:00 [emerg] 1#1: host not found in upstream "php" in /etc/nginx/conf.d/hello-dev.conf:12
2020/04/15 08:53:06 [emerg] 1#1: host not found in upstream "php" in /etc/nginx/conf.d/hello-dev.conf:12
2020/04/15 08:53:12 [emerg] 1#1: host not found in upstream "php" in /etc/nginx/conf.d/hello-dev.conf:12
2020/04/15 08:53:18 [emerg] 1#1: host not found in upstream "php" in /etc/nginx/conf.d/hello-dev.conf:12
2020/04/15 08:53:24 [emerg] 1#1: host not found in upstream "php" in /etc/nginx/conf.d/hello-dev.conf:12
2020/04/15 08:53:30 [emerg] 1#1: host not found in upstream "php" in /etc/nginx/conf.d/hello-dev.conf:12
2020/04/15 08:53:36 [emerg] 1#1: host not found in upstream "php" in /etc/nginx/conf.d/hello-dev.conf:12
2020/04/15 08:53:42 [emerg] 1#1: host not found in upstream "php" in /etc/nginx/conf.d/hello-dev.conf:12
2020/04/15 08:53:48 [emerg] 1#1: host not found in upstream "php" in /etc/nginx/conf.d/hello-dev.conf:12
2020/04/15 08:53:54 [emerg] 1#1: host not found in upstream "php" in /etc/nginx/conf.d/hello-dev.conf:12
2020/04/15 08:54:00 [emerg] 1#1: host not found in upstream "php" in /etc/nginx/conf.d/hello-dev.conf:12
2020/04/15 08:54:06 [emerg] 1#1: host not found in upstream "php" in /etc/nginx/conf.d/hello-dev.conf:12
2020/04/15 08:54:12 [emerg] 1#1: host not found in upstream "php" in /etc/nginx/conf.d/hello-dev.conf:12
2020/04/15 08:54:18 [emerg] 1#1: host not found in upstream "php" in /etc/nginx/conf.d/hello-dev.conf:12
2020/04/15 08:54:24 [emerg] 1#1: host not found in upstream "php" in /etc/nginx/conf.d/hello-dev.conf:12
2020/04/15 08:54:30 [emerg] 1#1: host not found in upstream "php" in /etc/nginx/conf.d/hello-dev.conf:12
2020/04/15 08:54:36 [emerg] 1#1: host not found in upstream "php" in /etc/nginx/conf.d/hello-dev.conf:12
2020/04/15 08:54:42 [emerg] 1#1: host not found in upstream "php" in /etc/nginx/conf.d/hello-dev.conf:12
2020/04/15 08:54:48 [emerg] 1#1: host not found in upstream "php" in /etc/nginx/conf.d/hello-dev.conf:12
2020/04/15 08:54:55 [emerg] 1#1: host not found in upstream "php" in /etc/nginx/conf.d/hello-dev.conf:12
2020/04/15 08:55:01 [emerg] 1#1: host not found in upstream "php" in /etc/nginx/conf.d/hello-dev.conf:12
2020/04/15 08:55:07 [emerg] 1#1: host not found in upstream "php" in /etc/nginx/conf.d/hello-dev.conf:12
2020/04/15 08:55:13 [emerg] 1#1: host not found in upstream "php" in /etc/nginx/conf.d/hello-dev.conf:12
2020/04/15 08:55:19 [emerg] 1#1: host not found in upstream "php" in /etc/nginx/conf.d/hello-dev.conf:12
2020/04/15 08:55:25 [emerg] 1#1: host not found in upstream "php" in /etc/nginx/conf.d/hello-dev.conf:12
2020/04/15 08:55:31 [emerg] 1#1: host not found in upstream "php" in /etc/nginx/conf.d/hello-dev.conf:12
2020/04/15 08:55:37 [emerg] 1#1: host not found in upstream "php" in /etc/nginx/conf.d/hello-dev.conf:12
2020/04/15 08:55:43 [emerg] 1#1: host not found in upstream "php" in /etc/nginx/conf.d/hello-dev.conf:12
2020/04/15 08:55:49 [emerg] 1#1: host not found in upstream "php" in /etc/nginx/conf.d/hello-dev.conf:12
2020/04/15 08:55:55 [emerg] 1#1: host not found in upstream "php" in /etc/nginx/conf.d/hello-dev.conf:12
2020/04/15 08:56:01 [emerg] 1#1: host not found in upstream "php" in /etc/nginx/conf.d/hello-dev.conf:12
2020/04/15 08:56:07 [emerg] 1#1: host not found in upstream "php" in /etc/nginx/conf.d/hello-dev.conf:12
2020/04/15 08:56:13 [emerg] 1#1: host not found in upstream "php" in /etc/nginx/conf.d/hello-dev.conf:12
2020/04/15 08:56:19 [emerg] 1#1: host not found in upstream "php" in /etc/nginx/conf.d/hello-dev.conf:12
2020/04/15 08:56:26 [emerg] 1#1: host not found in upstream "php" in /etc/nginx/conf.d/hello-dev.conf:12
2020/04/15 08:56:32 [emerg] 1#1: host not found in upstream "php" in /etc/nginx/conf.d/hello-dev.conf:12
2020/04/15 09:01:03 [error] 6#6: *16 open() "/var/www/w00tw00t.at.blackhats.romanian.anti-sec:)" failed (2: No such file or directory), client: 10.0.0.2, server: hello.dev, request: "GET /w00tw00t.at.blackhats.romanian.anti-sec:) HTTP/1.1", host: "18.184.165.98"
2020/04/15 10:32:42 [emerg] 1#1: host not found in upstream "php" in /etc/nginx/conf.d/hello-dev.conf:12
2020/04/15 12:12:17 [error] 6#6: *40 directory index of "/var/www/" is forbidden, client: 10.0.0.2, server: hello.dev, request: "GET / HTTP/1.1", host: "18.184.165.98"
2020/04/15 12:12:30 [error] 6#6: *40 open() "/var/www/pass-gen.dev" failed (2: No such file or directory), client: 10.0.0.2, server: hello.dev, request: "GET /pass-gen.dev HTTP/1.1", host: "18.184.165.98"
2020/04/15 12:34:48 [error] 6#6: *50 connect() failed (111: Connection refused) while connecting to upstream, client: 10.0.0.2, server: hello.dev, request: "POST /pass-gen/ HTTP/1.1", upstream: "fastcgi://10.0.1.7:9000", host: "18.184.165.98", referrer: "http://18.184.165.98/pass-gen/"
2020/04/15 12:34:54 [error] 6#6: *50 directory index of "/var/www/" is forbidden, client: 10.0.0.2, server: hello.dev, request: "GET / HTTP/1.1", host: "18.184.165.98"
2020/04/15 12:36:18 [emerg] 1#1: host not found in upstream "php" in /etc/nginx/conf.d/hello-dev.conf:12
2020/04/15 12:36:31 [error] 6#6: *1 open() "/var/www/gen-pass" failed (2: No such file or directory), client: 10.0.0.2, server: localhost, request: "GET /gen-pass HTTP/1.1", host: "18.184.165.98"
